<?xml version="1.0" encoding="UTF-8"?>
<!-- Generated by org.testng.reporters.JUnitReportReporter -->
<testsuite hostname="shivakrishnach" name="com.nexii.lead.VPsales" tests="1" failures="0" timestamp="25 Sep 2014 14:45:29 GMT" time="25.611" errors="0">
  <testcase name="vp_test" time="25.611" classname="com.nexii.lead.VPsales"/>
</testsuite> <!-- com.nexii.lead.VPsales -->
