<?xml version="1.0" encoding="UTF-8"?>
<!-- Generated by org.testng.reporters.JUnitReportReporter -->
<testsuite hostname="TRAINING-24" name="com.nexii.lead.BDE" tests="1" failures="0" timestamp="26 Sep 2014 10:09:43 GMT" time="35.019" errors="0">
  <testcase name="bde_test" time="35.019" classname="com.nexii.lead.BDE"/>
</testsuite> <!-- com.nexii.lead.BDE -->
