<?xml version="1.0" encoding="UTF-8"?>
<!-- Generated by org.testng.reporters.JUnitReportReporter -->
<testsuite hostname="pavann" name="com.nexii.lead.BDM" tests="2" failures="0" timestamp="25 Sep 2014 13:53:30 GMT" time="79.496" errors="0">
  <testcase name="bBDM_assign_lead" time="34.658" classname="com.nexii.lead.BDM"/>
  <testcase name="aBDM_test_expand_close_menu" time="44.838" classname="com.nexii.lead.BDM"/>
</testsuite> <!-- com.nexii.lead.BDM -->
